<?xml version="1.0" encoding="UTF-8"?>
<!-- Generated by org.testng.reporters.JUnitXMLReporter -->
<testsuite hostname="DESKTOP-LMJ0DS5" ignored="0" name="testsuite2" tests="4" failures="4" timestamp="04 Sep 2021 07:36:37 GMT" time="8.541" errors="0">
  <testcase name="display" time="2.942" classname="DataDriven.Prac_Login">
    <failure type="org.openqa.selenium.SessionNotCreatedException" message="session not created: This version of ChromeDriver only supports Chrome version 91
Current browser version is 93.0.4577.63 with binary path C:\Program Files (x86)\Google\Chrome\Application\chrome.exe
Build info: version: &amp;apos;3.141.59&amp;apos;, revision: &amp;apos;e82be7d358&amp;apos;, time: &amp;apos;2018-11-14T08:25:53&amp;apos;
System info: host: &amp;apos;DESKTOP-LMJ0DS5&amp;apos;, ip: &amp;apos;192.168.1.6&amp;apos;, os.name: &amp;apos;Windows 10&amp;apos;, os.arch: &amp;apos;amd64&amp;apos;, os.version: &amp;apos;10.0&amp;apos;, java.version: &amp;apos;1.8.0_144&amp;apos;
Driver info: driver.version: ChromeDriver
remote stacktrace: Backtrace:
	Ordinal0 [0x010F3733+2504499]
	Ordinal0 [0x0108C401+2081793]
	Ordinal0 [0x00F92628+1058344]
	Ordinal0 [0x00FB071A+1181466]
	Ordinal0 [0x00FAC58C+1164684]
	Ordinal0 [0x00FA9DC3+1154499]
	Ordinal0 [0x00FD9B82+1350530]
	Ordinal0 [0x00FD97DA+1349594]
	Ordinal0 [0x00FD5D4B+1334603]
	Ordinal0 [0x00FB22B4+1188532]
	Ordinal0 [0x00FB3149+1192265]
	GetHandleVerifier [0x0126FB8C+1512252]
	GetHandleVerifier [0x0131B0DF+2214031]
	GetHandleVerifier [0x01174BC3+484211]
	GetHandleVerifier [0x01173E69+480793]
	Ordinal0 [0x0109218D+2105741]
	Ordinal0 [0x010966E8+2123496]
	Ordinal0 [0x01096827+2123815]
	Ordinal0 [0x0109FB73+2161523]
	BaseThreadInitThunk [0x769AFA29+25]
	RtlGetAppContainerNamedObjectPath [0x77C37A7E+286]
	RtlGetAppContainerNamedObjectPath [0x77C37A4E+238]
">
      <![CDATA[org.openqa.selenium.SessionNotCreatedException: session not created: This version of ChromeDriver only supports Chrome version 91
Current browser version is 93.0.4577.63 with binary path C:\Program Files (x86)\Google\Chrome\Application\chrome.exe
Build info: version: '3.141.59', revision: 'e82be7d358', time: '2018-11-14T08:25:53'
System info: host: 'DESKTOP-LMJ0DS5', ip: '192.168.1.6', os.name: 'Windows 10', os.arch: 'amd64', os.version: '10.0', java.version: '1.8.0_144'
Driver info: driver.version: ChromeDriver
remote stacktrace: Backtrace:
Ordinal0 [0x010F3733+2504499]
Ordinal0 [0x0108C401+2081793]
Ordinal0 [0x00F92628+1058344]
Ordinal0 [0x00FB071A+1181466]
Ordinal0 [0x00FAC58C+1164684]
Ordinal0 [0x00FA9DC3+1154499]
Ordinal0 [0x00FD9B82+1350530]
Ordinal0 [0x00FD97DA+1349594]
Ordinal0 [0x00FD5D4B+1334603]
Ordinal0 [0x00FB22B4+1188532]
Ordinal0 [0x00FB3149+1192265]
GetHandleVerifier [0x0126FB8C+1512252]
GetHandleVerifier [0x0131B0DF+2214031]
GetHandleVerifier [0x01174BC3+484211]
GetHandleVerifier [0x01173E69+480793]
Ordinal0 [0x0109218D+2105741]
Ordinal0 [0x010966E8+2123496]
Ordinal0 [0x01096827+2123815]
Ordinal0 [0x0109FB73+2161523]
BaseThreadInitThunk [0x769AFA29+25]
RtlGetAppContainerNamedObjectPath [0x77C37A7E+286]
RtlGetAppContainerNamedObjectPath [0x77C37A4E+238]

at sun.reflect.NativeConstructorAccessorImpl.newInstance0(Native Method)
at sun.reflect.NativeConstructorAccessorImpl.newInstance(NativeConstructorAccessorImpl.java:62)
at sun.reflect.DelegatingConstructorAccessorImpl.newInstance(DelegatingConstructorAccessorImpl.java:45)
at java.lang.reflect.Constructor.newInstance(Constructor.java:423)
at org.openqa.selenium.remote.W3CHandshakeResponse.lambda$errorHandler$0(W3CHandshakeResponse.java:62)
at org.openqa.selenium.remote.HandshakeResponse.lambda$getResponseFunction$0(HandshakeResponse.java:30)
at org.openqa.selenium.remote.ProtocolHandshake.lambda$createSession$0(ProtocolHandshake.java:126)
at java.util.stream.ReferencePipeline$3$1.accept(ReferencePipeline.java:193)
at java.util.Spliterators$ArraySpliterator.tryAdvance(Spliterators.java:958)
at java.util.stream.ReferencePipeline.forEachWithCancel(ReferencePipeline.java:126)
at java.util.stream.AbstractPipeline.copyIntoWithCancel(AbstractPipeline.java:498)
at java.util.stream.AbstractPipeline.copyInto(AbstractPipeline.java:485)
at java.util.stream.AbstractPipeline.wrapAndCopyInto(AbstractPipeline.java:471)
at java.util.stream.FindOps$FindOp.evaluateSequential(FindOps.java:152)
at java.util.stream.AbstractPipeline.evaluate(AbstractPipeline.java:234)
at java.util.stream.ReferencePipeline.findFirst(ReferencePipeline.java:464)
at org.openqa.selenium.remote.ProtocolHandshake.createSession(ProtocolHandshake.java:128)
at org.openqa.selenium.remote.ProtocolHandshake.createSession(ProtocolHandshake.java:74)
at org.openqa.selenium.remote.HttpCommandExecutor.execute(HttpCommandExecutor.java:136)
at org.openqa.selenium.remote.service.DriverCommandExecutor.execute(DriverCommandExecutor.java:83)
at org.openqa.selenium.remote.RemoteWebDriver.execute(RemoteWebDriver.java:552)
at org.openqa.selenium.remote.RemoteWebDriver.startSession(RemoteWebDriver.java:213)
at org.openqa.selenium.remote.RemoteWebDriver.<init>(RemoteWebDriver.java:131)
at org.openqa.selenium.chrome.ChromeDriver.<init>(ChromeDriver.java:181)
at org.openqa.selenium.chrome.ChromeDriver.<init>(ChromeDriver.java:168)
at org.openqa.selenium.chrome.ChromeDriver.<init>(ChromeDriver.java:123)
at DataDriven.Prac_Login.display(Prac_Login.java:33)
at sun.reflect.NativeMethodAccessorImpl.invoke0(Native Method)
at sun.reflect.NativeMethodAccessorImpl.invoke(NativeMethodAccessorImpl.java:62)
at sun.reflect.DelegatingMethodAccessorImpl.invoke(DelegatingMethodAccessorImpl.java:43)
at java.lang.reflect.Method.invoke(Method.java:498)
at org.testng.internal.MethodInvocationHelper.invokeMethod(MethodInvocationHelper.java:124)
at org.testng.internal.Invoker.invokeMethod(Invoker.java:583)
at org.testng.internal.Invoker.invokeTestMethod(Invoker.java:719)
at org.testng.internal.Invoker.invokeTestMethods(Invoker.java:989)
at org.testng.internal.TestMethodWorker.invokeTestMethods(TestMethodWorker.java:125)
at org.testng.internal.TestMethodWorker.run(TestMethodWorker.java:109)
at java.util.concurrent.ThreadPoolExecutor.runWorker(ThreadPoolExecutor.java:1149)
at java.util.concurrent.ThreadPoolExecutor$Worker.run(ThreadPoolExecutor.java:624)
at java.lang.Thread.run(Thread.java:748)
]]>
    </failure>
  </testcase> <!-- display -->
  <testcase name="display" time="1.611" classname="DataDriven.Prac_Login">
    <failure type="org.openqa.selenium.SessionNotCreatedException" message="session not created: This version of ChromeDriver only supports Chrome version 91
Current browser version is 93.0.4577.63 with binary path C:\Program Files (x86)\Google\Chrome\Application\chrome.exe
Build info: version: &amp;apos;3.141.59&amp;apos;, revision: &amp;apos;e82be7d358&amp;apos;, time: &amp;apos;2018-11-14T08:25:53&amp;apos;
System info: host: &amp;apos;DESKTOP-LMJ0DS5&amp;apos;, ip: &amp;apos;192.168.1.6&amp;apos;, os.name: &amp;apos;Windows 10&amp;apos;, os.arch: &amp;apos;amd64&amp;apos;, os.version: &amp;apos;10.0&amp;apos;, java.version: &amp;apos;1.8.0_144&amp;apos;
Driver info: driver.version: ChromeDriver
remote stacktrace: Backtrace:
	Ordinal0 [0x010F3733+2504499]
	Ordinal0 [0x0108C401+2081793]
	Ordinal0 [0x00F92628+1058344]
	Ordinal0 [0x00FB071A+1181466]
	Ordinal0 [0x00FAC58C+1164684]
	Ordinal0 [0x00FA9DC3+1154499]
	Ordinal0 [0x00FD9B82+1350530]
	Ordinal0 [0x00FD97DA+1349594]
	Ordinal0 [0x00FD5D4B+1334603]
	Ordinal0 [0x00FB22B4+1188532]
	Ordinal0 [0x00FB3149+1192265]
	GetHandleVerifier [0x0126FB8C+1512252]
	GetHandleVerifier [0x0131B0DF+2214031]
	GetHandleVerifier [0x01174BC3+484211]
	GetHandleVerifier [0x01173E69+480793]
	Ordinal0 [0x0109218D+2105741]
	Ordinal0 [0x010966E8+2123496]
	Ordinal0 [0x01096827+2123815]
	Ordinal0 [0x0109FB73+2161523]
	BaseThreadInitThunk [0x769AFA29+25]
	RtlGetAppContainerNamedObjectPath [0x77C37A7E+286]
	RtlGetAppContainerNamedObjectPath [0x77C37A4E+238]
">
      <![CDATA[org.openqa.selenium.SessionNotCreatedException: session not created: This version of ChromeDriver only supports Chrome version 91
Current browser version is 93.0.4577.63 with binary path C:\Program Files (x86)\Google\Chrome\Application\chrome.exe
Build info: version: '3.141.59', revision: 'e82be7d358', time: '2018-11-14T08:25:53'
System info: host: 'DESKTOP-LMJ0DS5', ip: '192.168.1.6', os.name: 'Windows 10', os.arch: 'amd64', os.version: '10.0', java.version: '1.8.0_144'
Driver info: driver.version: ChromeDriver
remote stacktrace: Backtrace:
Ordinal0 [0x010F3733+2504499]
Ordinal0 [0x0108C401+2081793]
Ordinal0 [0x00F92628+1058344]
Ordinal0 [0x00FB071A+1181466]
Ordinal0 [0x00FAC58C+1164684]
Ordinal0 [0x00FA9DC3+1154499]
Ordinal0 [0x00FD9B82+1350530]
Ordinal0 [0x00FD97DA+1349594]
Ordinal0 [0x00FD5D4B+1334603]
Ordinal0 [0x00FB22B4+1188532]
Ordinal0 [0x00FB3149+1192265]
GetHandleVerifier [0x0126FB8C+1512252]
GetHandleVerifier [0x0131B0DF+2214031]
GetHandleVerifier [0x01174BC3+484211]
GetHandleVerifier [0x01173E69+480793]
Ordinal0 [0x0109218D+2105741]
Ordinal0 [0x010966E8+2123496]
Ordinal0 [0x01096827+2123815]
Ordinal0 [0x0109FB73+2161523]
BaseThreadInitThunk [0x769AFA29+25]
RtlGetAppContainerNamedObjectPath [0x77C37A7E+286]
RtlGetAppContainerNamedObjectPath [0x77C37A4E+238]

at sun.reflect.NativeConstructorAccessorImpl.newInstance0(Native Method)
at sun.reflect.NativeConstructorAccessorImpl.newInstance(NativeConstructorAccessorImpl.java:62)
at sun.reflect.DelegatingConstructorAccessorImpl.newInstance(DelegatingConstructorAccessorImpl.java:45)
at java.lang.reflect.Constructor.newInstance(Constructor.java:423)
at org.openqa.selenium.remote.W3CHandshakeResponse.lambda$errorHandler$0(W3CHandshakeResponse.java:62)
at org.openqa.selenium.remote.HandshakeResponse.lambda$getResponseFunction$0(HandshakeResponse.java:30)
at org.openqa.selenium.remote.ProtocolHandshake.lambda$createSession$0(ProtocolHandshake.java:126)
at java.util.stream.ReferencePipeline$3$1.accept(ReferencePipeline.java:193)
at java.util.Spliterators$ArraySpliterator.tryAdvance(Spliterators.java:958)
at java.util.stream.ReferencePipeline.forEachWithCancel(ReferencePipeline.java:126)
at java.util.stream.AbstractPipeline.copyIntoWithCancel(AbstractPipeline.java:498)
at java.util.stream.AbstractPipeline.copyInto(AbstractPipeline.java:485)
at java.util.stream.AbstractPipeline.wrapAndCopyInto(AbstractPipeline.java:471)
at java.util.stream.FindOps$FindOp.evaluateSequential(FindOps.java:152)
at java.util.stream.AbstractPipeline.evaluate(AbstractPipeline.java:234)
at java.util.stream.ReferencePipeline.findFirst(ReferencePipeline.java:464)
at org.openqa.selenium.remote.ProtocolHandshake.createSession(ProtocolHandshake.java:128)
at org.openqa.selenium.remote.ProtocolHandshake.createSession(ProtocolHandshake.java:74)
at org.openqa.selenium.remote.HttpCommandExecutor.execute(HttpCommandExecutor.java:136)
at org.openqa.selenium.remote.service.DriverCommandExecutor.execute(DriverCommandExecutor.java:83)
at org.openqa.selenium.remote.RemoteWebDriver.execute(RemoteWebDriver.java:552)
at org.openqa.selenium.remote.RemoteWebDriver.startSession(RemoteWebDriver.java:213)
at org.openqa.selenium.remote.RemoteWebDriver.<init>(RemoteWebDriver.java:131)
at org.openqa.selenium.chrome.ChromeDriver.<init>(ChromeDriver.java:181)
at org.openqa.selenium.chrome.ChromeDriver.<init>(ChromeDriver.java:168)
at org.openqa.selenium.chrome.ChromeDriver.<init>(ChromeDriver.java:123)
at DataDriven.Prac_Login.display(Prac_Login.java:33)
at sun.reflect.NativeMethodAccessorImpl.invoke0(Native Method)
at sun.reflect.NativeMethodAccessorImpl.invoke(NativeMethodAccessorImpl.java:62)
at sun.reflect.DelegatingMethodAccessorImpl.invoke(DelegatingMethodAccessorImpl.java:43)
at java.lang.reflect.Method.invoke(Method.java:498)
at org.testng.internal.MethodInvocationHelper.invokeMethod(MethodInvocationHelper.java:124)
at org.testng.internal.Invoker.invokeMethod(Invoker.java:583)
at org.testng.internal.Invoker.invokeTestMethod(Invoker.java:719)
at org.testng.internal.Invoker.invokeTestMethods(Invoker.java:989)
at org.testng.internal.TestMethodWorker.invokeTestMethods(TestMethodWorker.java:125)
at org.testng.internal.TestMethodWorker.run(TestMethodWorker.java:109)
at java.util.concurrent.ThreadPoolExecutor.runWorker(ThreadPoolExecutor.java:1149)
at java.util.concurrent.ThreadPoolExecutor$Worker.run(ThreadPoolExecutor.java:624)
at java.lang.Thread.run(Thread.java:748)
]]>
    </failure>
  </testcase> <!-- display -->
  <testcase name="display" time="2.257" classname="DataDriven.Prac_Login">
    <failure type="org.openqa.selenium.SessionNotCreatedException" message="session not created: This version of ChromeDriver only supports Chrome version 91
Current browser version is 93.0.4577.63 with binary path C:\Program Files (x86)\Google\Chrome\Application\chrome.exe
Build info: version: &amp;apos;3.141.59&amp;apos;, revision: &amp;apos;e82be7d358&amp;apos;, time: &amp;apos;2018-11-14T08:25:53&amp;apos;
System info: host: &amp;apos;DESKTOP-LMJ0DS5&amp;apos;, ip: &amp;apos;192.168.1.6&amp;apos;, os.name: &amp;apos;Windows 10&amp;apos;, os.arch: &amp;apos;amd64&amp;apos;, os.version: &amp;apos;10.0&amp;apos;, java.version: &amp;apos;1.8.0_144&amp;apos;
Driver info: driver.version: ChromeDriver
remote stacktrace: Backtrace:
	Ordinal0 [0x010F3733+2504499]
	Ordinal0 [0x0108C401+2081793]
	Ordinal0 [0x00F92628+1058344]
	Ordinal0 [0x00FB071A+1181466]
	Ordinal0 [0x00FAC58C+1164684]
	Ordinal0 [0x00FA9DC3+1154499]
	Ordinal0 [0x00FD9B82+1350530]
	Ordinal0 [0x00FD97DA+1349594]
	Ordinal0 [0x00FD5D4B+1334603]
	Ordinal0 [0x00FB22B4+1188532]
	Ordinal0 [0x00FB3149+1192265]
	GetHandleVerifier [0x0126FB8C+1512252]
	GetHandleVerifier [0x0131B0DF+2214031]
	GetHandleVerifier [0x01174BC3+484211]
	GetHandleVerifier [0x01173E69+480793]
	Ordinal0 [0x0109218D+2105741]
	Ordinal0 [0x010966E8+2123496]
	Ordinal0 [0x01096827+2123815]
	Ordinal0 [0x0109FB73+2161523]
	BaseThreadInitThunk [0x769AFA29+25]
	RtlGetAppContainerNamedObjectPath [0x77C37A7E+286]
	RtlGetAppContainerNamedObjectPath [0x77C37A4E+238]
">
      <![CDATA[org.openqa.selenium.SessionNotCreatedException: session not created: This version of ChromeDriver only supports Chrome version 91
Current browser version is 93.0.4577.63 with binary path C:\Program Files (x86)\Google\Chrome\Application\chrome.exe
Build info: version: '3.141.59', revision: 'e82be7d358', time: '2018-11-14T08:25:53'
System info: host: 'DESKTOP-LMJ0DS5', ip: '192.168.1.6', os.name: 'Windows 10', os.arch: 'amd64', os.version: '10.0', java.version: '1.8.0_144'
Driver info: driver.version: ChromeDriver
remote stacktrace: Backtrace:
Ordinal0 [0x010F3733+2504499]
Ordinal0 [0x0108C401+2081793]
Ordinal0 [0x00F92628+1058344]
Ordinal0 [0x00FB071A+1181466]
Ordinal0 [0x00FAC58C+1164684]
Ordinal0 [0x00FA9DC3+1154499]
Ordinal0 [0x00FD9B82+1350530]
Ordinal0 [0x00FD97DA+1349594]
Ordinal0 [0x00FD5D4B+1334603]
Ordinal0 [0x00FB22B4+1188532]
Ordinal0 [0x00FB3149+1192265]
GetHandleVerifier [0x0126FB8C+1512252]
GetHandleVerifier [0x0131B0DF+2214031]
GetHandleVerifier [0x01174BC3+484211]
GetHandleVerifier [0x01173E69+480793]
Ordinal0 [0x0109218D+2105741]
Ordinal0 [0x010966E8+2123496]
Ordinal0 [0x01096827+2123815]
Ordinal0 [0x0109FB73+2161523]
BaseThreadInitThunk [0x769AFA29+25]
RtlGetAppContainerNamedObjectPath [0x77C37A7E+286]
RtlGetAppContainerNamedObjectPath [0x77C37A4E+238]

at sun.reflect.NativeConstructorAccessorImpl.newInstance0(Native Method)
at sun.reflect.NativeConstructorAccessorImpl.newInstance(NativeConstructorAccessorImpl.java:62)
at sun.reflect.DelegatingConstructorAccessorImpl.newInstance(DelegatingConstructorAccessorImpl.java:45)
at java.lang.reflect.Constructor.newInstance(Constructor.java:423)
at org.openqa.selenium.remote.W3CHandshakeResponse.lambda$errorHandler$0(W3CHandshakeResponse.java:62)
at org.openqa.selenium.remote.HandshakeResponse.lambda$getResponseFunction$0(HandshakeResponse.java:30)
at org.openqa.selenium.remote.ProtocolHandshake.lambda$createSession$0(ProtocolHandshake.java:126)
at java.util.stream.ReferencePipeline$3$1.accept(ReferencePipeline.java:193)
at java.util.Spliterators$ArraySpliterator.tryAdvance(Spliterators.java:958)
at java.util.stream.ReferencePipeline.forEachWithCancel(ReferencePipeline.java:126)
at java.util.stream.AbstractPipeline.copyIntoWithCancel(AbstractPipeline.java:498)
at java.util.stream.AbstractPipeline.copyInto(AbstractPipeline.java:485)
at java.util.stream.AbstractPipeline.wrapAndCopyInto(AbstractPipeline.java:471)
at java.util.stream.FindOps$FindOp.evaluateSequential(FindOps.java:152)
at java.util.stream.AbstractPipeline.evaluate(AbstractPipeline.java:234)
at java.util.stream.ReferencePipeline.findFirst(ReferencePipeline.java:464)
at org.openqa.selenium.remote.ProtocolHandshake.createSession(ProtocolHandshake.java:128)
at org.openqa.selenium.remote.ProtocolHandshake.createSession(ProtocolHandshake.java:74)
at org.openqa.selenium.remote.HttpCommandExecutor.execute(HttpCommandExecutor.java:136)
at org.openqa.selenium.remote.service.DriverCommandExecutor.execute(DriverCommandExecutor.java:83)
at org.openqa.selenium.remote.RemoteWebDriver.execute(RemoteWebDriver.java:552)
at org.openqa.selenium.remote.RemoteWebDriver.startSession(RemoteWebDriver.java:213)
at org.openqa.selenium.remote.RemoteWebDriver.<init>(RemoteWebDriver.java:131)
at org.openqa.selenium.chrome.ChromeDriver.<init>(ChromeDriver.java:181)
at org.openqa.selenium.chrome.ChromeDriver.<init>(ChromeDriver.java:168)
at org.openqa.selenium.chrome.ChromeDriver.<init>(ChromeDriver.java:123)
at DataDriven.Prac_Login.display(Prac_Login.java:33)
at sun.reflect.NativeMethodAccessorImpl.invoke0(Native Method)
at sun.reflect.NativeMethodAccessorImpl.invoke(NativeMethodAccessorImpl.java:62)
at sun.reflect.DelegatingMethodAccessorImpl.invoke(DelegatingMethodAccessorImpl.java:43)
at java.lang.reflect.Method.invoke(Method.java:498)
at org.testng.internal.MethodInvocationHelper.invokeMethod(MethodInvocationHelper.java:124)
at org.testng.internal.Invoker.invokeMethod(Invoker.java:583)
at org.testng.internal.Invoker.invokeTestMethod(Invoker.java:719)
at org.testng.internal.Invoker.invokeTestMethods(Invoker.java:989)
at org.testng.internal.TestMethodWorker.invokeTestMethods(TestMethodWorker.java:125)
at org.testng.internal.TestMethodWorker.run(TestMethodWorker.java:109)
at java.util.concurrent.ThreadPoolExecutor.runWorker(ThreadPoolExecutor.java:1149)
at java.util.concurrent.ThreadPoolExecutor$Worker.run(ThreadPoolExecutor.java:624)
at java.lang.Thread.run(Thread.java:748)
]]>
    </failure>
  </testcase> <!-- display -->
  <testcase name="display" time="1.684" classname="DataDriven.Prac_Login">
    <failure type="org.openqa.selenium.SessionNotCreatedException" message="session not created: This version of ChromeDriver only supports Chrome version 91
Current browser version is 93.0.4577.63 with binary path C:\Program Files (x86)\Google\Chrome\Application\chrome.exe
Build info: version: &amp;apos;3.141.59&amp;apos;, revision: &amp;apos;e82be7d358&amp;apos;, time: &amp;apos;2018-11-14T08:25:53&amp;apos;
System info: host: &amp;apos;DESKTOP-LMJ0DS5&amp;apos;, ip: &amp;apos;192.168.1.6&amp;apos;, os.name: &amp;apos;Windows 10&amp;apos;, os.arch: &amp;apos;amd64&amp;apos;, os.version: &amp;apos;10.0&amp;apos;, java.version: &amp;apos;1.8.0_144&amp;apos;
Driver info: driver.version: ChromeDriver
remote stacktrace: Backtrace:
	Ordinal0 [0x010F3733+2504499]
	Ordinal0 [0x0108C401+2081793]
	Ordinal0 [0x00F92628+1058344]
	Ordinal0 [0x00FB071A+1181466]
	Ordinal0 [0x00FAC58C+1164684]
	Ordinal0 [0x00FA9DC3+1154499]
	Ordinal0 [0x00FD9B82+1350530]
	Ordinal0 [0x00FD97DA+1349594]
	Ordinal0 [0x00FD5D4B+1334603]
	Ordinal0 [0x00FB22B4+1188532]
	Ordinal0 [0x00FB3149+1192265]
	GetHandleVerifier [0x0126FB8C+1512252]
	GetHandleVerifier [0x0131B0DF+2214031]
	GetHandleVerifier [0x01174BC3+484211]
	GetHandleVerifier [0x01173E69+480793]
	Ordinal0 [0x0109218D+2105741]
	Ordinal0 [0x010966E8+2123496]
	Ordinal0 [0x01096827+2123815]
	Ordinal0 [0x0109FB73+2161523]
	BaseThreadInitThunk [0x769AFA29+25]
	RtlGetAppContainerNamedObjectPath [0x77C37A7E+286]
	RtlGetAppContainerNamedObjectPath [0x77C37A4E+238]
">
      <![CDATA[org.openqa.selenium.SessionNotCreatedException: session not created: This version of ChromeDriver only supports Chrome version 91
Current browser version is 93.0.4577.63 with binary path C:\Program Files (x86)\Google\Chrome\Application\chrome.exe
Build info: version: '3.141.59', revision: 'e82be7d358', time: '2018-11-14T08:25:53'
System info: host: 'DESKTOP-LMJ0DS5', ip: '192.168.1.6', os.name: 'Windows 10', os.arch: 'amd64', os.version: '10.0', java.version: '1.8.0_144'
Driver info: driver.version: ChromeDriver
remote stacktrace: Backtrace:
Ordinal0 [0x010F3733+2504499]
Ordinal0 [0x0108C401+2081793]
Ordinal0 [0x00F92628+1058344]
Ordinal0 [0x00FB071A+1181466]
Ordinal0 [0x00FAC58C+1164684]
Ordinal0 [0x00FA9DC3+1154499]
Ordinal0 [0x00FD9B82+1350530]
Ordinal0 [0x00FD97DA+1349594]
Ordinal0 [0x00FD5D4B+1334603]
Ordinal0 [0x00FB22B4+1188532]
Ordinal0 [0x00FB3149+1192265]
GetHandleVerifier [0x0126FB8C+1512252]
GetHandleVerifier [0x0131B0DF+2214031]
GetHandleVerifier [0x01174BC3+484211]
GetHandleVerifier [0x01173E69+480793]
Ordinal0 [0x0109218D+2105741]
Ordinal0 [0x010966E8+2123496]
Ordinal0 [0x01096827+2123815]
Ordinal0 [0x0109FB73+2161523]
BaseThreadInitThunk [0x769AFA29+25]
RtlGetAppContainerNamedObjectPath [0x77C37A7E+286]
RtlGetAppContainerNamedObjectPath [0x77C37A4E+238]

at sun.reflect.NativeConstructorAccessorImpl.newInstance0(Native Method)
at sun.reflect.NativeConstructorAccessorImpl.newInstance(NativeConstructorAccessorImpl.java:62)
at sun.reflect.DelegatingConstructorAccessorImpl.newInstance(DelegatingConstructorAccessorImpl.java:45)
at java.lang.reflect.Constructor.newInstance(Constructor.java:423)
at org.openqa.selenium.remote.W3CHandshakeResponse.lambda$errorHandler$0(W3CHandshakeResponse.java:62)
at org.openqa.selenium.remote.HandshakeResponse.lambda$getResponseFunction$0(HandshakeResponse.java:30)
at org.openqa.selenium.remote.ProtocolHandshake.lambda$createSession$0(ProtocolHandshake.java:126)
at java.util.stream.ReferencePipeline$3$1.accept(ReferencePipeline.java:193)
at java.util.Spliterators$ArraySpliterator.tryAdvance(Spliterators.java:958)
at java.util.stream.ReferencePipeline.forEachWithCancel(ReferencePipeline.java:126)
at java.util.stream.AbstractPipeline.copyIntoWithCancel(AbstractPipeline.java:498)
at java.util.stream.AbstractPipeline.copyInto(AbstractPipeline.java:485)
at java.util.stream.AbstractPipeline.wrapAndCopyInto(AbstractPipeline.java:471)
at java.util.stream.FindOps$FindOp.evaluateSequential(FindOps.java:152)
at java.util.stream.AbstractPipeline.evaluate(AbstractPipeline.java:234)
at java.util.stream.ReferencePipeline.findFirst(ReferencePipeline.java:464)
at org.openqa.selenium.remote.ProtocolHandshake.createSession(ProtocolHandshake.java:128)
at org.openqa.selenium.remote.ProtocolHandshake.createSession(ProtocolHandshake.java:74)
at org.openqa.selenium.remote.HttpCommandExecutor.execute(HttpCommandExecutor.java:136)
at org.openqa.selenium.remote.service.DriverCommandExecutor.execute(DriverCommandExecutor.java:83)
at org.openqa.selenium.remote.RemoteWebDriver.execute(RemoteWebDriver.java:552)
at org.openqa.selenium.remote.RemoteWebDriver.startSession(RemoteWebDriver.java:213)
at org.openqa.selenium.remote.RemoteWebDriver.<init>(RemoteWebDriver.java:131)
at org.openqa.selenium.chrome.ChromeDriver.<init>(ChromeDriver.java:181)
at org.openqa.selenium.chrome.ChromeDriver.<init>(ChromeDriver.java:168)
at org.openqa.selenium.chrome.ChromeDriver.<init>(ChromeDriver.java:123)
at DataDriven.Prac_Login.display(Prac_Login.java:33)
at sun.reflect.NativeMethodAccessorImpl.invoke0(Native Method)
at sun.reflect.NativeMethodAccessorImpl.invoke(NativeMethodAccessorImpl.java:62)
at sun.reflect.DelegatingMethodAccessorImpl.invoke(DelegatingMethodAccessorImpl.java:43)
at java.lang.reflect.Method.invoke(Method.java:498)
at org.testng.internal.MethodInvocationHelper.invokeMethod(MethodInvocationHelper.java:124)
at org.testng.internal.Invoker.invokeMethod(Invoker.java:583)
at org.testng.internal.Invoker.invokeTestMethod(Invoker.java:719)
at org.testng.internal.Invoker.invokeTestMethods(Invoker.java:989)
at org.testng.internal.TestMethodWorker.invokeTestMethods(TestMethodWorker.java:125)
at org.testng.internal.TestMethodWorker.run(TestMethodWorker.java:109)
at java.util.concurrent.ThreadPoolExecutor.runWorker(ThreadPoolExecutor.java:1149)
at java.util.concurrent.ThreadPoolExecutor$Worker.run(ThreadPoolExecutor.java:624)
at java.lang.Thread.run(Thread.java:748)
]]>
    </failure>
  </testcase> <!-- display -->
</testsuite> <!-- testsuite2 -->
